#
# There is insufficient memory for the Java Runtime Environment to continue.
# Native memory allocation (malloc) failed to allocate 1040416 bytes for Chunk::new
# Possible reasons:
#   The system is out of physical RAM or swap space
#   The process is running with CompressedOops enabled, and the Java Heap may be blocking the growth of the native heap
# Possible solutions:
#   Reduce memory load on the system
#   Increase physical memory or swap space
#   Check if swap backing store is full
#   Decrease Java heap size (-Xmx/-Xms)
#   Decrease number of Java threads
#   Decrease Java thread stack sizes (-Xss)
#   Set larger code cache with -XX:ReservedCodeCacheSize=
#   JVM is running with Unscaled Compressed Oops mode in which the Java heap is
#     placed in the first 4GB address space. The Java Heap base address is the
#     maximum limit for the native heap growth. Please use -XX:HeapBaseMinAddress
#     to set the Java Heap base and to place the Java Heap above 4GB virtual address.
# This output file may be truncated or incomplete.
#
#  Out of Memory Error (./src/hotspot/share/memory/arena.cpp:197), pid=3776, tid=12896
#
# JRE version: OpenJDK Runtime Environment (11.0.8+10) (build 11.0.8+10-b944.6842174)
# Java VM: OpenJDK 64-Bit Server VM (11.0.8+10-b944.6842174, mixed mode, tiered, compressed oops, g1 gc, windows-amd64)
# No core dump will be written. Minidumps are not enabled by default on client versions of Windows
#

---------------  S U M M A R Y ------------

Command Line: org.jetbrains.kotlin.cli.jvm.K2JVMCompiler @C:\Users\Owen\AndroidStudioProjects\DiceRoller\app\build\20210814_561078746848767970.compiler.options

Host: Intel(R) Core(TM) i5-8250U CPU @ 1.60GHz, 8 cores, 3G,  Windows 10 , 64 bit Build 19041 (10.0.19041.1023)
Time: Sat Aug 14 18:38:41 2021 E. Africa Standard Time elapsed time: 4 seconds (0d 0h 0m 4s)

---------------  T H R E A D  ---------------

Current thread (0x00000291b6579800):  JavaThread "C2 CompilerThread0" daemon [_thread_in_native, id=12896, stack(0x000000d1ce400000,0x000000d1ce500000)]


Current CompileTask:
C2:   4259 1979   !   4       jdk.internal.loader.BuiltinClassLoader::loadClassOrNull (143 bytes)

Stack: [0x000000d1ce400000,0x000000d1ce500000]
Native frames: (J=compiled Java code, j=interpreted, Vv=VM code, C=native code)
V  [jvm.dll+0x5de50a]
V  [jvm.dll+0x7122f5]
V  [jvm.dll+0x71384d]
V  [jvm.dll+0x713f03]
V  [jvm.dll+0x23e728]
V  [jvm.dll+0xb899c]
V  [jvm.dll+0xb8e9c]
V  [jvm.dll+0x2b20e4]
V  [jvm.dll+0x502098]
V  [jvm.dll+0x1ff393]
V  [jvm.dll+0x1f917c]
V  [jvm.dll+0x1f685f]
V  [jvm.dll+0x17f32c]
V  [jvm.dll+0x205047]
V  [jvm.dll+0x203891]
V  [jvm.dll+0x6dad3f]
V  [jvm.dll+0x6d3895]
V  [jvm.dll+0x5dd4a6]
C  [ucrtbase.dll+0x21bb2]
C  [KERNEL32.DLL+0x17034]
C  [ntdll.dll+0x52651]


---------------  P R O C E S S  ---------------

Threads class SMR info:
_java_thread_list=0x00000291b702d950, length=10, elements={
0x000002919e2ba800, 0x00000291b6556000, 0x00000291b6561800, 0x00000291b6576000,
0x00000291b6577800, 0x00000291b6579800, 0x00000291b657c800, 0x00000291b657f000,
0x00000291b7027800, 0x00000291b7031000
}

Java Threads: ( => current thread )
  0x000002919e2ba800 JavaThread "main" [_thread_in_native, id=13968, stack(0x000000d1cd900000,0x000000d1cda00000)]
  0x00000291b6556000 JavaThread "Reference Handler" daemon [_thread_blocked, id=1064, stack(0x000000d1ce000000,0x000000d1ce100000)]
  0x00000291b6561800 JavaThread "Finalizer" daemon [_thread_blocked, id=11196, stack(0x000000d1ce100000,0x000000d1ce200000)]
  0x00000291b6576000 JavaThread "Signal Dispatcher" daemon [_thread_blocked, id=7696, stack(0x000000d1ce200000,0x000000d1ce300000)]
  0x00000291b6577800 JavaThread "Attach Listener" daemon [_thread_blocked, id=8696, stack(0x000000d1ce300000,0x000000d1ce400000)]
=>0x00000291b6579800 JavaThread "C2 CompilerThread0" daemon [_thread_in_native, id=12896, stack(0x000000d1ce400000,0x000000d1ce500000)]
  0x00000291b657c800 JavaThread "C1 CompilerThread0" daemon [_thread_blocked, id=10540, stack(0x000000d1ce500000,0x000000d1ce600000)]
  0x00000291b657f000 JavaThread "Sweeper thread" daemon [_thread_blocked, id=11964, stack(0x000000d1ce600000,0x000000d1ce700000)]
  0x00000291b7027800 JavaThread "Service Thread" daemon [_thread_blocked, id=4060, stack(0x000000d1ce700000,0x000000d1ce800000)]
  0x00000291b7031000 JavaThread "Common-Cleaner" daemon [_thread_blocked, id=13816, stack(0x000000d1ce900000,0x000000d1cea00000)]

Other Threads:
  0x00000291b6552000 VMThread "VM Thread" [stack: 0x000000d1cdf00000,0x000000d1ce000000] [id=468]
  0x00000291b7028800 WatcherThread [stack: 0x000000d1ce800000,0x000000d1ce900000] [id=720]
  0x000002919e2d2000 GCTaskThread "GC Thread#0" [stack: 0x000000d1cda00000,0x000000d1cdb00000] [id=10004]
  0x00000291b7630000 GCTaskThread "GC Thread#1" [stack: 0x000000d1cea00000,0x000000d1ceb00000] [id=10148]
  0x000002919e2eb800 ConcurrentGCThread "G1 Main Marker" [stack: 0x000000d1cdb00000,0x000000d1cdc00000] [id=12936]
  0x000002919e2f1000 ConcurrentGCThread "G1 Conc#0" [stack: 0x000000d1cdc00000,0x000000d1cdd00000] [id=6112]
  0x00000291b84b5000 ConcurrentGCThread "G1 Conc#1" [stack: 0x000000d1ceb00000,0x000000d1cec00000] [id=11440]
  0x000002919e348800 ConcurrentGCThread "G1 Refine#0" [stack: 0x000000d1cdd00000,0x000000d1cde00000] [id=7068]
  0x000002919e349800 ConcurrentGCThread "G1 Young RemSet Sampling" [stack: 0x000000d1cde00000,0x000000d1cdf00000] [id=4972]

Threads with active compile tasks:
C2 CompilerThread0   4308 1979   !   4       jdk.internal.loader.BuiltinClassLoader::loadClassOrNull (143 bytes)

VM state:not at safepoint (normal execution)

VM Mutex/Monitor currently owned by a thread: None

Heap address: 0x00000000c2400000, size: 988 MB, Compressed Oops mode: 32-bit
Narrow klass base: 0x0000000000000000, Narrow klass shift: 3
Compressed class space size: 1073741824 Address: 0x0000000100000000

Heap:
 garbage-first heap   total 63488K, used 21275K [0x00000000c2400000, 0x0000000100000000)
  region size 1024K, 7 young (7168K), 2 survivors (2048K)
 Metaspace       used 27636K, capacity 28046K, committed 28412K, reserved 1075200K
  class space    used 3054K, capacity 3209K, committed 3328K, reserved 1048576K
Heap Regions: E=young(eden), S=young(survivor), O=old, HS=humongous(starts), HC=humongous(continues), CS=collection set, F=free, A=archive, TAMS=top-at-mark-start (previous, next)
|   0|0x00000000c2400000, 0x00000000c2500000, 0x00000000c2500000|100%|HS|  |TAMS 0x00000000c2500000, 0x00000000c2400000| Complete 
|   1|0x00000000c2500000, 0x00000000c2600000, 0x00000000c2600000|100%|HC|  |TAMS 0x00000000c2600000, 0x00000000c2500000| Complete 
|   2|0x00000000c2600000, 0x00000000c2700000, 0x00000000c2700000|100%|HC|  |TAMS 0x00000000c2700000, 0x00000000c2600000| Complete 
|   3|0x00000000c2700000, 0x00000000c2800000, 0x00000000c2800000|100%| O|  |TAMS 0x00000000c2800000, 0x00000000c2700000| Untracked 
|   4|0x00000000c2800000, 0x00000000c2900000, 0x00000000c2900000|100%| O|  |TAMS 0x00000000c2900000, 0x00000000c2800000| Untracked 
|   5|0x00000000c2900000, 0x00000000c2a00000, 0x00000000c2a00000|100%| O|  |TAMS 0x00000000c2a00000, 0x00000000c2900000| Untracked 
|   6|0x00000000c2a00000, 0x00000000c2b00000, 0x00000000c2b00000|100%| O|  |TAMS 0x00000000c2b00000, 0x00000000c2a00000| Untracked 
|   7|0x00000000c2b00000, 0x00000000c2c00000, 0x00000000c2c00000|100%| O|  |TAMS 0x00000000c2c00000, 0x00000000c2b00000| Untracked 
|   8|0x00000000c2c00000, 0x00000000c2d00000, 0x00000000c2d00000|100%| O|  |TAMS 0x00000000c2d00000, 0x00000000c2c00000| Untracked 
|   9|0x00000000c2d00000, 0x00000000c2d13600, 0x00000000c2e00000|  7%| O|  |TAMS 0x00000000c2d13600, 0x00000000c2d00000| Untracked 
|  10|0x00000000c2e00000, 0x00000000c2f00000, 0x00000000c2f00000|100%|HS|  |TAMS 0x00000000c2e00000, 0x00000000c2e00000| Complete 
|  11|0x00000000c2f00000, 0x00000000c3000000, 0x00000000c3000000|100%|HC|  |TAMS 0x00000000c2f00000, 0x00000000c2f00000| Complete 
|  12|0x00000000c3000000, 0x00000000c3100000, 0x00000000c3100000|100%|HC|  |TAMS 0x00000000c3000000, 0x00000000c3000000| Complete 
|  13|0x00000000c3100000, 0x00000000c3200000, 0x00000000c3200000|100%|HS|  |TAMS 0x00000000c3100000, 0x00000000c3100000| Complete 
|  14|0x00000000c3200000, 0x00000000c3300000, 0x00000000c3300000|100%|HC|  |TAMS 0x00000000c3200000, 0x00000000c3200000| Complete 
|  15|0x00000000c3300000, 0x00000000c3400000, 0x00000000c3400000|100%|HC|  |TAMS 0x00000000c3300000, 0x00000000c3300000| Complete 
|  16|0x00000000c3400000, 0x00000000c3400000, 0x00000000c3500000|  0%| F|  |TAMS 0x00000000c3400000, 0x00000000c3400000| Untracked 
|  17|0x00000000c3500000, 0x00000000c3500000, 0x00000000c3600000|  0%| F|  |TAMS 0x00000000c3500000, 0x00000000c3500000| Untracked 
|  18|0x00000000c3600000, 0x00000000c3600000, 0x00000000c3700000|  0%| F|  |TAMS 0x00000000c3600000, 0x00000000c3600000| Untracked 
|  19|0x00000000c3700000, 0x00000000c3700000, 0x00000000c3800000|  0%| F|  |TAMS 0x00000000c3700000, 0x00000000c3700000| Untracked 
|  20|0x00000000c3800000, 0x00000000c3800000, 0x00000000c3900000|  0%| F|  |TAMS 0x00000000c3800000, 0x00000000c3800000| Untracked 
|  21|0x00000000c3900000, 0x00000000c3900000, 0x00000000c3a00000|  0%| F|  |TAMS 0x00000000c3900000, 0x00000000c3900000| Untracked 
|  22|0x00000000c3a00000, 0x00000000c3a00000, 0x00000000c3b00000|  0%| F|  |TAMS 0x00000000c3a00000, 0x00000000c3a00000| Untracked 
|  23|0x00000000c3b00000, 0x00000000c3b00000, 0x00000000c3c00000|  0%| F|  |TAMS 0x00000000c3b00000, 0x00000000c3b00000| Untracked 
|  24|0x00000000c3c00000, 0x00000000c3c00000, 0x00000000c3d00000|  0%| F|  |TAMS 0x00000000c3c00000, 0x00000000c3c00000| Untracked 
|  25|0x00000000c3d00000, 0x00000000c3d00000, 0x00000000c3e00000|  0%| F|  |TAMS 0x00000000c3d00000, 0x00000000c3d00000| Untracked 
|  26|0x00000000c3e00000, 0x00000000c3e00000, 0x00000000c3f00000|  0%| F|  |TAMS 0x00000000c3e00000, 0x00000000c3e00000| Untracked 
|  27|0x00000000c3f00000, 0x00000000c3f00000, 0x00000000c4000000|  0%| F|  |TAMS 0x00000000c3f00000, 0x00000000c3f00000| Untracked 
|  28|0x00000000c4000000, 0x00000000c4000000, 0x00000000c4100000|  0%| F|  |TAMS 0x00000000c4000000, 0x00000000c4000000| Untracked 
|  29|0x00000000c4100000, 0x00000000c4100000, 0x00000000c4200000|  0%| F|  |TAMS 0x00000000c4100000, 0x00000000c4100000| Untracked 
|  30|0x00000000c4200000, 0x00000000c4200000, 0x00000000c4300000|  0%| F|  |TAMS 0x00000000c4200000, 0x00000000c4200000| Untracked 
|  31|0x00000000c4300000, 0x00000000c4300000, 0x00000000c4400000|  0%| F|  |TAMS 0x00000000c4300000, 0x00000000c4300000| Untracked 
|  32|0x00000000c4400000, 0x00000000c4400000, 0x00000000c4500000|  0%| F|  |TAMS 0x00000000c4400000, 0x00000000c4400000| Untracked 
|  33|0x00000000c4500000, 0x00000000c4500000, 0x00000000c4600000|  0%| F|  |TAMS 0x00000000c4500000, 0x00000000c4500000| Untracked 
|  34|0x00000000c4600000, 0x00000000c4600000, 0x00000000c4700000|  0%| F|  |TAMS 0x00000000c4600000, 0x00000000c4600000| Untracked 
|  35|0x00000000c4700000, 0x00000000c4700000, 0x00000000c4800000|  0%| F|  |TAMS 0x00000000c4700000, 0x00000000c4700000| Untracked 
|  36|0x00000000c4800000, 0x00000000c4800000, 0x00000000c4900000|  0%| F|  |TAMS 0x00000000c4800000, 0x00000000c4800000| Untracked 
|  37|0x00000000c4900000, 0x00000000c4900000, 0x00000000c4a00000|  0%| F|  |TAMS 0x00000000c4900000, 0x00000000c4900000| Untracked 
|  38|0x00000000c4a00000, 0x00000000c4a00000, 0x00000000c4b00000|  0%| F|  |TAMS 0x00000000c4a00000, 0x00000000c4a00000| Untracked 
|  39|0x00000000c4b00000, 0x00000000c4bb3788, 0x00000000c4c00000| 70%| S|CS|TAMS 0x00000000c4b00000, 0x00000000c4b00000| Complete 
|  40|0x00000000c4c00000, 0x00000000c4d00000, 0x00000000c4d00000|100%| S|CS|TAMS 0x00000000c4c00000, 0x00000000c4c00000| Complete 
|  41|0x00000000c4d00000, 0x00000000c4d00000, 0x00000000c4e00000|  0%| F|  |TAMS 0x00000000c4d00000, 0x00000000c4d00000| Untracked 
|  42|0x00000000c4e00000, 0x00000000c4e00000, 0x00000000c4f00000|  0%| F|  |TAMS 0x00000000c4e00000, 0x00000000c4e00000| Untracked 
|  43|0x00000000c4f00000, 0x00000000c4f00000, 0x00000000c5000000|  0%| F|  |TAMS 0x00000000c4f00000, 0x00000000c4f00000| Untracked 
|  44|0x00000000c5000000, 0x00000000c5000000, 0x00000000c5100000|  0%| F|  |TAMS 0x00000000c5000000, 0x00000000c5000000| Untracked 
|  45|0x00000000c5100000, 0x00000000c5100000, 0x00000000c5200000|  0%| F|  |TAMS 0x00000000c5100000, 0x00000000c5100000| Untracked 
|  46|0x00000000c5200000, 0x00000000c5200000, 0x00000000c5300000|  0%| F|  |TAMS 0x00000000c5200000, 0x00000000c5200000| Untracked 
|  47|0x00000000c5300000, 0x00000000c5300000, 0x00000000c5400000|  0%| F|  |TAMS 0x00000000c5300000, 0x00000000c5300000| Untracked 
|  48|0x00000000c5400000, 0x00000000c5400000, 0x00000000c5500000|  0%| F|  |TAMS 0x00000000c5400000, 0x00000000c5400000| Untracked 
|  49|0x00000000c5500000, 0x00000000c5500000, 0x00000000c5600000|  0%| F|  |TAMS 0x00000000c5500000, 0x00000000c5500000| Untracked 
|  50|0x00000000c5600000, 0x00000000c5600000, 0x00000000c5700000|  0%| F|  |TAMS 0x00000000c5600000, 0x00000000c5600000| Untracked 
|  51|0x00000000c5700000, 0x00000000c5700000, 0x00000000c5800000|  0%| F|  |TAMS 0x00000000c5700000, 0x00000000c5700000| Untracked 
|  52|0x00000000c5800000, 0x00000000c5800000, 0x00000000c5900000|  0%| F|  |TAMS 0x00000000c5800000, 0x00000000c5800000| Untracked 
|  53|0x00000000c5900000, 0x00000000c5900000, 0x00000000c5a00000|  0%| F|  |TAMS 0x00000000c5900000, 0x00000000c5900000| Untracked 
|  54|0x00000000c5a00000, 0x00000000c5a00000, 0x00000000c5b00000|  0%| F|  |TAMS 0x00000000c5a00000, 0x00000000c5a00000| Untracked 
|  55|0x00000000c5b00000, 0x00000000c5b00000, 0x00000000c5c00000|  0%| F|  |TAMS 0x00000000c5b00000, 0x00000000c5b00000| Untracked 
|  56|0x00000000c5c00000, 0x00000000c5c00000, 0x00000000c5d00000|  0%| F|  |TAMS 0x00000000c5c00000, 0x00000000c5c00000| Untracked 
|  57|0x00000000c5d00000, 0x00000000c5dca708, 0x00000000c5e00000| 79%| E|  |TAMS 0x00000000c5d00000, 0x00000000c5d00000| Complete 
|  58|0x00000000c5e00000, 0x00000000c5f00000, 0x00000000c5f00000|100%| E|CS|TAMS 0x00000000c5e00000, 0x00000000c5e00000| Complete 
|  59|0x00000000c5f00000, 0x00000000c6000000, 0x00000000c6000000|100%| E|CS|TAMS 0x00000000c5f00000, 0x00000000c5f00000| Complete 
|  60|0x00000000c6000000, 0x00000000c6100000, 0x00000000c6100000|100%| E|CS|TAMS 0x00000000c6000000, 0x00000000c6000000| Complete 
|  61|0x00000000c6100000, 0x00000000c6200000, 0x00000000c6200000|100%| E|CS|TAMS 0x00000000c6100000, 0x00000000c6100000| Complete 

Card table byte_map: [0x00000291b18a0000,0x00000291b1a90000] _byte_map_base: 0x00000291b128e000

Marking Bits (Prev, Next): (CMBitMap*) 0x000002919e2e6e40, (CMBitMap*) 0x000002919e2e6e08
 Prev Bits: [0x00000291b2bf0000, 0x00000291b3b60000)
 Next Bits: [0x00000291b1c80000, 0x00000291b2bf0000)

Polling page: 0x000002919ca00000

Metaspace:

Usage:
  Non-class:     24.32 MB capacity,    24.02 MB ( 99%) used,   258.96 KB (  1%) free+waste,    41.88 KB ( <1%) overhead. 
      Class:      3.13 MB capacity,     2.99 MB ( 95%) used,   125.92 KB (  4%) free+waste,    18.94 KB ( <1%) overhead. 
       Both:     27.45 MB capacity,    27.02 MB ( 98%) used,   384.88 KB (  1%) free+waste,    60.81 KB ( <1%) overhead. 

Virtual space:
  Non-class space:       26.00 MB reserved,      24.50 MB ( 94%) committed 
      Class space:        1.00 GB reserved,       3.25 MB ( <1%) committed 
             Both:        1.03 GB reserved,      27.75 MB (  3%) committed 

Chunk freelists:
   Non-Class:  55.00 KB
       Class:  23.00 KB
        Both:  78.00 KB

MaxMetaspaceSize: 17179869184.00 GB
CompressedClassSpaceSize: 1.00 GB

CodeHeap 'non-profiled nmethods': size=120000Kb used=628Kb max_used=628Kb free=119371Kb
 bounds [0x00000291a9710000, 0x00000291a9980000, 0x00000291b0c40000]
CodeHeap 'profiled nmethods': size=120000Kb used=3879Kb max_used=3879Kb free=116120Kb
 bounds [0x00000291a21e0000, 0x00000291a25b0000, 0x00000291a9710000]
CodeHeap 'non-nmethods': size=5760Kb used=1153Kb max_used=1164Kb free=4606Kb
 bounds [0x00000291a1c40000, 0x00000291a1eb0000, 0x00000291a21e0000]
 total_blobs=2486 nmethods=1994 adapters=403
 compilation: enabled
              stopped_count=0, restarted_count=0
 full_count=0

Compilation events (20 events):
Event: 4.145 Thread 0x00000291b657c800 1983       3       java.lang.invoke.BoundMethodHandle::<init> (32 bytes)
Event: 4.145 Thread 0x00000291b657c800 nmethod 1983 0x00000291a25a3f90 code [0x00000291a25a4140, 0x00000291a25a4288]
Event: 4.148 Thread 0x00000291b657c800 1985       1       java.lang.invoke.MethodHandleNatives::isPullModeBSM (2 bytes)
Event: 4.148 Thread 0x00000291b657c800 nmethod 1985 0x00000291a97ac210 code [0x00000291a97ac3c0, 0x00000291a97ac458]
Event: 4.148 Thread 0x00000291b657c800 1986       3       java.lang.invoke.ConstantCallSite::getTarget (20 bytes)
Event: 4.149 Thread 0x00000291b657c800 nmethod 1986 0x00000291a25a4310 code [0x00000291a25a44e0, 0x00000291a25a46e8]
Event: 4.177 Thread 0x00000291b657c800 1989       1       java.io.File::getPath (5 bytes)
Event: 4.178 Thread 0x00000291b657c800 nmethod 1989 0x00000291a97acb10 code [0x00000291a97accc0, 0x00000291a97acd78]
Event: 4.181 Thread 0x00000291b657c800 1991       3       sun.reflect.generics.parser.SignatureParser::make (8 bytes)
Event: 4.181 Thread 0x00000291b657c800 nmethod 1991 0x00000291a25a4810 code [0x00000291a25a49c0, 0x00000291a25a4bb8]
Event: 4.182 Thread 0x00000291b657c800 1992       3       sun.reflect.generics.parser.SignatureParser::<init> (5 bytes)
Event: 4.182 Thread 0x00000291b657c800 nmethod 1992 0x00000291a25a4c90 code [0x00000291a25a4e40, 0x00000291a25a4f98]
Event: 4.182 Thread 0x00000291b657c800 1993       3       sun.reflect.generics.visitor.Reifier::make (9 bytes)
Event: 4.182 Thread 0x00000291b657c800 nmethod 1993 0x00000291a25a5090 code [0x00000291a25a5260, 0x00000291a25a54b8]
Event: 4.182 Thread 0x00000291b657c800 1994       3       java.lang.reflect.ProxyGenerator$ConstantPool::getMethodRef (33 bytes)
Event: 4.183 Thread 0x00000291b657c800 nmethod 1994 0x00000291a25a5590 code [0x00000291a25a5860, 0x00000291a25a64c8]
Event: 4.183 Thread 0x00000291b657c800 1997       3       java.lang.reflect.ProxyGenerator$ConstantPool$ValueEntry::write (190 bytes)
Event: 4.186 Thread 0x00000291b657c800 nmethod 1997 0x00000291a25a6a10 code [0x00000291a25a6e80, 0x00000291a25a9308]
Event: 4.186 Thread 0x00000291b657c800 1998       1       java.lang.reflect.Constructor::getRoot (5 bytes)
Event: 4.187 Thread 0x00000291b657c800 nmethod 1998 0x00000291a97ace10 code [0x00000291a97acfc0, 0x00000291a97ad078]

GC Heap History (8 events):
Event: 1.522 GC heap before
{Heap before GC invocations=0 (full 0):
 garbage-first heap   total 63488K, used 27648K [0x00000000c2400000, 0x0000000100000000)
  region size 1024K, 24 young (24576K), 0 survivors (0K)
 Metaspace       used 12349K, capacity 12469K, committed 12800K, reserved 1060864K
  class space    used 1158K, capacity 1174K, committed 1280K, reserved 1048576K
}
Event: 1.533 GC heap after
{Heap after GC invocations=1 (full 0):
 garbage-first heap   total 63488K, used 5698K [0x00000000c2400000, 0x0000000100000000)
  region size 1024K, 3 young (3072K), 3 survivors (3072K)
 Metaspace       used 12349K, capacity 12469K, committed 12800K, reserved 1060864K
  class space    used 1158K, capacity 1174K, committed 1280K, reserved 1048576K
}
Event: 3.183 GC heap before
{Heap before GC invocations=1 (full 0):
 garbage-first heap   total 63488K, used 40514K [0x00000000c2400000, 0x0000000100000000)
  region size 1024K, 37 young (37888K), 3 survivors (3072K)
 Metaspace       used 20704K, capacity 20895K, committed 20992K, reserved 1069056K
  class space    used 2186K, capacity 2282K, committed 2304K, reserved 1048576K
}
Event: 3.206 GC heap after
{Heap after GC invocations=2 (full 0):
 garbage-first heap   total 63488K, used 9147K [0x00000000c2400000, 0x0000000100000000)
  region size 1024K, 5 young (5120K), 5 survivors (5120K)
 Metaspace       used 20704K, capacity 20895K, committed 20992K, reserved 1069056K
  class space    used 2186K, capacity 2282K, committed 2304K, reserved 1048576K
}
Event: 3.244 GC heap before
{Heap before GC invocations=2 (full 0):
 garbage-first heap   total 63488K, used 9147K [0x00000000c2400000, 0x0000000100000000)
  region size 1024K, 6 young (6144K), 5 survivors (5120K)
 Metaspace       used 21024K, capacity 21220K, committed 21248K, reserved 1069056K
  class space    used 2218K, capacity 2284K, committed 2304K, reserved 1048576K
}
Event: 3.263 GC heap after
{Heap after GC invocations=3 (full 0):
 garbage-first heap   total 63488K, used 10088K [0x00000000c2400000, 0x0000000100000000)
  region size 1024K, 1 young (1024K), 1 survivors (1024K)
 Metaspace       used 21024K, capacity 21220K, committed 21248K, reserved 1069056K
  class space    used 2218K, capacity 2284K, committed 2304K, reserved 1048576K
}
Event: 4.057 GC heap before
{Heap before GC invocations=4 (full 0):
 garbage-first heap   total 63488K, used 36712K [0x00000000c2400000, 0x0000000100000000)
  region size 1024K, 21 young (21504K), 1 survivors (1024K)
 Metaspace       used 26052K, capacity 26430K, committed 26492K, reserved 1073152K
  class space    used 2766K, capacity 2904K, committed 2944K, reserved 1048576K
}
Event: 4.065 GC heap after
{Heap after GC invocations=5 (full 0):
 garbage-first heap   total 63488K, used 17179K [0x00000000c2400000, 0x0000000100000000)
  region size 1024K, 2 young (2048K), 2 survivors (2048K)
 Metaspace       used 26052K, capacity 26430K, committed 26492K, reserved 1073152K
  class space    used 2766K, capacity 2904K, committed 2944K, reserved 1048576K
}

Deoptimization events (20 events):
Event: 3.626 Thread 0x000002919e2ba800 Uncommon trap: trap_request=0xffffffcc fr.pc=0x00000291a977b474 relative=0x00000000000001b4
Event: 3.626 Thread 0x000002919e2ba800 Uncommon trap: reason=intrinsic_or_type_checked_inlining action=make_not_entrant pc=0x00000291a977b474 method=java.util.Arrays.copyOf([Ljava/lang/Object;ILjava/lang/Class;)[Ljava/lang/Object; @ 35 c2
Event: 3.626 Thread 0x000002919e2ba800 DEOPT PACKING pc=0x00000291a977b474 sp=0x000000d1cd9fc2f0
Event: 3.626 Thread 0x000002919e2ba800 DEOPT UNPACKING pc=0x00000291a1c674af sp=0x000000d1cd9fc298 mode 2
Event: 3.715 Thread 0x000002919e2ba800 Uncommon trap: trap_request=0xffffff4d fr.pc=0x00000291a9795668 relative=0x00000000000001c8
Event: 3.715 Thread 0x000002919e2ba800 Uncommon trap: reason=unstable_if action=reinterpret pc=0x00000291a9795668 method=java.util.Arrays.hashCode([B)I @ 1 c2
Event: 3.715 Thread 0x000002919e2ba800 DEOPT PACKING pc=0x00000291a9795668 sp=0x000000d1cd9fe3e0
Event: 3.715 Thread 0x000002919e2ba800 DEOPT UNPACKING pc=0x00000291a1c674af sp=0x000000d1cd9fe350 mode 2
Event: 3.718 Thread 0x000002919e2ba800 Uncommon trap: trap_request=0xffffff4d fr.pc=0x00000291a979d674 relative=0x00000000000000d4
Event: 3.718 Thread 0x000002919e2ba800 Uncommon trap: reason=unstable_if action=reinterpret pc=0x00000291a979d674 method=jdk.nio.zipfs.ZipConstants.pkSigAt([BIII)Z @ 5 c2
Event: 3.718 Thread 0x000002919e2ba800 DEOPT PACKING pc=0x00000291a979d674 sp=0x000000d1cd9fe240
Event: 3.718 Thread 0x000002919e2ba800 DEOPT UNPACKING pc=0x00000291a1c674af sp=0x000000d1cd9fe1e8 mode 2
Event: 3.752 Thread 0x000002919e2ba800 Uncommon trap: trap_request=0xffffff6e fr.pc=0x00000291a97903f0 relative=0x0000000000001330
Event: 3.752 Thread 0x000002919e2ba800 Uncommon trap: reason=speculate_class_check action=maybe_recompile pc=0x00000291a97903f0 method=java.util.zip.InflaterInputStream.read([BII)I @ 100 c2
Event: 3.752 Thread 0x000002919e2ba800 DEOPT PACKING pc=0x00000291a97903f0 sp=0x000000d1cd9fe3b0
Event: 3.752 Thread 0x000002919e2ba800 DEOPT UNPACKING pc=0x00000291a1c674af sp=0x000000d1cd9fe410 mode 2
Event: 4.012 Thread 0x000002919e2ba800 Uncommon trap: trap_request=0xffffff4d fr.pc=0x00000291a978925c relative=0x00000000000001bc
Event: 4.012 Thread 0x000002919e2ba800 Uncommon trap: reason=unstable_if action=reinterpret pc=0x00000291a978925c method=java.lang.String.startsWith(Ljava/lang/String;I)Z @ 1 c2
Event: 4.012 Thread 0x000002919e2ba800 DEOPT PACKING pc=0x00000291a978925c sp=0x000000d1cd9fdd50
Event: 4.012 Thread 0x000002919e2ba800 DEOPT UNPACKING pc=0x00000291a1c674af sp=0x000000d1cd9fdcc0 mode 2

Classes redefined (0 events):
No events

Internal exceptions (18 events):
Event: 2.653 Thread 0x000002919e2ba800 Exception <a 'java/lang/NoSuchMethodError'{0x00000000c4ef86a8}: 'int java.lang.invoke.DirectMethodHandle$Holder.invokeSpecialIFC(java.lang.Object, java.lang.Object, int)'> (0x00000000c4ef86a8) thrown at [./src/hotspot/share/interpreter/linkResolver.cpp, line 773]
Event: 2.962 Thread 0x000002919e2ba800 Exception <a 'java/lang/NoSuchMethodError'{0x00000000c4220840}: 'java.lang.Object java.lang.invoke.DirectMethodHandle$Holder.invokeStaticInit(java.lang.Object, int)'> (0x00000000c4220840) thrown at [./src/hotspot/share/interpreter/linkResolver.cpp, line 773]
Event: 3.025 Thread 0x000002919e2ba800 Exception <a 'java/lang/NoSuchMethodError'{0x00000000c41b6ae0}: 'long java.lang.invoke.DirectMethodHandle$Holder.invokeStatic(java.lang.Object)'> (0x00000000c41b6ae0) thrown at [./src/hotspot/share/interpreter/linkResolver.cpp, line 773]
Event: 3.025 Thread 0x000002919e2ba800 Exception <a 'java/lang/NoSuchMethodError'{0x00000000c41b9938}: 'long java.lang.invoke.DirectMethodHandle$Holder.invokeStaticInit(java.lang.Object)'> (0x00000000c41b9938) thrown at [./src/hotspot/share/interpreter/linkResolver.cpp, line 773]
Event: 3.147 Thread 0x000002919e2ba800 Exception <a 'java/lang/NoSuchMethodError'{0x00000000c3d25e70}: 'int java.lang.invoke.DirectMethodHandle$Holder.invokeStaticInit(java.lang.Object, java.lang.Object, java.lang.Object)'> (0x00000000c3d25e70) thrown at [./src/hotspot/share/interpreter/linkResolver.cpp, line 773]
Event: 3.155 Thread 0x000002919e2ba800 Exception <a 'java/lang/NoSuchMethodError'{0x00000000c3d514f0}: 'int java.lang.invoke.DirectMethodHandle$Holder.invokeStaticInit(java.lang.Object, java.lang.Object)'> (0x00000000c3d514f0) thrown at [./src/hotspot/share/interpreter/linkResolver.cpp, line 773]
Event: 3.647 Thread 0x000002919e2ba800 Exception <a 'java/lang/NoSuchMethodError'{0x00000000c585e968}: 'java.lang.Object java.lang.invoke.DirectMethodHandle$Holder.invokeStatic(java.lang.Object, java.lang.Object, java.lang.Object, java.lang.Object, java.lang.Object, java.lang.Object, java.lang.Object, java.lang.Object, java.lang.Object, java.lang.Object, java.lang.Object, java.lang.Object, java.lang.Object, java.lang.Object, java.lang.Object)'> (0x00000000c585e968) thrown at [./src/hotspot/share/interpreter/linkResolver.cpp, line 773]
Event: 3.649 Thread 0x000002919e2ba800 Exception <a 'java/lang/NoSuchMethodError'{0x00000000c586cfb8}: 'java.lang.Object java.lang.invoke.DirectMethodHandle$Holder.invokeStatic(java.lang.Object, java.lang.Object, java.lang.Object, java.lang.Object, java.lang.Object, java.lang.Object, java.lang.Object, java.lang.Object, java.lang.Object, java.lang.Object, java.lang.Object, java.lang.Object, java.lang.Object, java.lang.Object, java.lang.Object, java.lang.Object)'> (0x00000000c586cfb8) thrown at [./src/hotspot/share/interpreter/linkResolver.cpp, l
Event: 3.651 Thread 0x000002919e2ba800 Exception <a 'java/lang/NoSuchMethodError'{0x00000000c587aed0}: 'java.lang.Object java.lang.invoke.DirectMethodHandle$Holder.invokeSpecial(java.lang.Object, java.lang.Object, int, int, java.lang.Object, java.lang.Object, java.lang.Object)'> (0x00000000c587aed0) thrown at [./src/hotspot/share/interpreter/linkResolver.cpp, line 773]
Event: 3.652 Thread 0x000002919e2ba800 Exception <a 'java/lang/NoSuchMethodError'{0x00000000c587e708}: 'java.lang.Object java.lang.invoke.DelegatingMethodHandle$Holder.reinvoke_L(java.lang.Object, int, int, java.lang.Object, java.lang.Object, java.lang.Object)'> (0x00000000c587e708) thrown at [./src/hotspot/share/interpreter/linkResolver.cpp, line 773]
Event: 3.653 Thread 0x000002919e2ba800 Exception <a 'java/lang/NoSuchMethodError'{0x00000000c5882a90}: 'java.lang.Object java.lang.invoke.DirectMethodHandle$Holder.invokeStatic(java.lang.Object, java.lang.Object, java.lang.Object, java.lang.Object, int)'> (0x00000000c5882a90) thrown at [./src/hotspot/share/interpreter/linkResolver.cpp, line 773]
Event: 3.715 Thread 0x000002919e2ba800 Implicit null exception at 0x00000291a97954ac to 0x00000291a979565a
Event: 3.757 Thread 0x000002919e2ba800 Exception <a 'java/lang/NoSuchMethodError'{0x00000000c53e9918}: 'void java.lang.invoke.DirectMethodHandle$Holder.invokeStatic(java.lang.Object, java.lang.Object, java.lang.Object, java.lang.Object)'> (0x00000000c53e9918) thrown at [./src/hotspot/share/interpreter/linkResolver.cpp, line 773]
Event: 3.804 Thread 0x000002919e2ba800 Exception <a 'java/lang/NoSuchMethodError'{0x00000000c5138e50}: 'void java.lang.invoke.DirectMethodHandle$Holder.invokeSpecial(java.lang.Object, java.lang.Object)'> (0x00000000c5138e50) thrown at [./src/hotspot/share/interpreter/linkResolver.cpp, line 773]
Event: 3.918 Thread 0x000002919e2ba800 Exception <a 'java/lang/NoSuchMethodError'{0x00000000c4fdbc88}: 'void java.lang.invoke.DirectMethodHandle$Holder.invokeStaticInit(java.lang.Object, java.lang.Object)'> (0x00000000c4fdbc88) thrown at [./src/hotspot/share/interpreter/linkResolver.cpp, line 773]
Event: 3.946 Thread 0x000002919e2ba800 Exception <a 'java/lang/NoSuchMethodError'{0x00000000c4e1a448}: 'void java.lang.invoke.DirectMethodHandle$Holder.invokeInterface(java.lang.Object, java.lang.Object)'> (0x00000000c4e1a448) thrown at [./src/hotspot/share/interpreter/linkResolver.cpp, line 773]
Event: 4.148 Thread 0x000002919e2ba800 Exception <a 'java/lang/NoSuchMethodError'{0x00000000c5f26bd8}: 'void java.lang.invoke.DirectMethodHandle$Holder.invokeVirtual(java.lang.Object, java.lang.Object)'> (0x00000000c5f26bd8) thrown at [./src/hotspot/share/interpreter/linkResolver.cpp, line 773]
Event: 4.166 Thread 0x000002919e2ba800 Exception <a 'java/lang/NoSuchMethodError'{0x00000000c5f9d350}: 'int java.lang.invoke.DirectMethodHandle$Holder.invokeVirtual(java.lang.Object, java.lang.Object)'> (0x00000000c5f9d350) thrown at [./src/hotspot/share/interpreter/linkResolver.cpp, line 773]

Events (20 events):
Event: 4.221 loading class org/jetbrains/kotlin/psi/stubs/elements/KtValueArgumentListElementType
Event: 4.221 loading class org/jetbrains/kotlin/psi/stubs/elements/KtValueArgumentListElementType done
Event: 4.224 loading class org/jetbrains/kotlin/psi/stubs/elements/KtContractEffectListElementType
Event: 4.224 loading class org/jetbrains/kotlin/psi/stubs/elements/KtContractEffectListElementType done
Event: 4.224 loading class org/jetbrains/kotlin/psi/stubs/elements/KtStringTemplateExpressionElementType
Event: 4.224 loading class org/jetbrains/kotlin/psi/stubs/elements/KtStringTemplateExpressionElementType done
Event: 4.224 loading class org/jetbrains/kotlin/psi/stubs/elements/KtClassElementType
Event: 4.224 loading class org/jetbrains/kotlin/psi/stubs/elements/KtClassElementType done
Event: 4.228 loading class org/jetbrains/kotlin/psi/stubs/KotlinClassStub
Event: 4.228 loading class org/jetbrains/kotlin/psi/stubs/KotlinClassStub done
Event: 4.232 loading class org/jetbrains/kotlin/psi/stubs/KotlinClassOrObjectStub
Event: 4.232 loading class org/jetbrains/kotlin/psi/stubs/KotlinClassOrObjectStub done
Event: 4.232 loading class org/jetbrains/kotlin/psi/stubs/KotlinStubWithFqName
Event: 4.232 loading class org/jetbrains/kotlin/psi/stubs/KotlinStubWithFqName done
Event: 4.235 loading class org/jetbrains/kotlin/com/intellij/psi/stubs/NamedStub
Event: 4.235 loading class org/jetbrains/kotlin/com/intellij/psi/stubs/NamedStub done
Event: 4.241 loading class org/jetbrains/kotlin/psi/KtClass
Event: 4.241 loading class org/jetbrains/kotlin/psi/KtClass done
Event: 4.248 loading class org/jetbrains/kotlin/psi/KtClassOrObject
Event: 4.248 loading class org/jetbrains/kotlin/psi/KtClassOrObject done


Dynamic libraries:
0x00007ff7762e0000 - 0x00007ff7762ea000 	C:\Program Files\Android\Android Studio\jre\bin\java.exe
0x00007ffe21f10000 - 0x00007ffe22105000 	C:\Windows\SYSTEM32\ntdll.dll
0x00007ffe21ab0000 - 0x00007ffe21b6d000 	C:\Windows\System32\KERNEL32.DLL
0x00007ffe1f6a0000 - 0x00007ffe1f969000 	C:\Windows\System32\KERNELBASE.dll
0x00007ffe1fe50000 - 0x00007ffe1ff50000 	C:\Windows\System32\ucrtbase.dll
0x00007ffe0a2f0000 - 0x00007ffe0a307000 	C:\Program Files\Android\Android Studio\jre\bin\VCRUNTIME140.dll
0x00007ffe0a2d0000 - 0x00007ffe0a2e9000 	C:\Program Files\Android\Android Studio\jre\bin\jli.dll
0x00007ffe203a0000 - 0x00007ffe20540000 	C:\Windows\System32\USER32.dll
0x00007ffe1fa70000 - 0x00007ffe1fa92000 	C:\Windows\System32\win32u.dll
0x00007ffe20540000 - 0x00007ffe2056a000 	C:\Windows\System32\GDI32.dll
0x00007ffe1fbe0000 - 0x00007ffe1fceb000 	C:\Windows\System32\gdi32full.dll
0x00007ffe1f970000 - 0x00007ffe1fa0d000 	C:\Windows\System32\msvcp_win.dll
0x00007ffe1ea10000 - 0x00007ffe1ecaa000 	C:\Windows\WinSxS\amd64_microsoft.windows.common-controls_6595b64144ccf1df_6.0.19041.1110_none_60b5254171f9507e\COMCTL32.dll
0x00007ffe206a0000 - 0x00007ffe2073e000 	C:\Windows\System32\msvcrt.dll
0x00007ffe20360000 - 0x00007ffe20390000 	C:\Windows\System32\IMM32.DLL
0x00007ffe08990000 - 0x00007ffe08a2d000 	C:\Program Files\Android\Android Studio\jre\bin\msvcp140.dll
0x00007ffdd5160000 - 0x00007ffdd5c1c000 	C:\Program Files\Android\Android Studio\jre\bin\server\jvm.dll
0x00007ffe209b0000 - 0x00007ffe20a5c000 	C:\Windows\System32\ADVAPI32.dll
0x00007ffe21320000 - 0x00007ffe213bb000 	C:\Windows\System32\sechost.dll
0x00007ffe21c40000 - 0x00007ffe21d6a000 	C:\Windows\System32\RPCRT4.dll
0x00007ffe21e60000 - 0x00007ffe21e68000 	C:\Windows\System32\PSAPI.DLL
0x00007ffe0e8b0000 - 0x00007ffe0e8d7000 	C:\Windows\SYSTEM32\WINMM.dll
0x00007ffe199e0000 - 0x00007ffe199ea000 	C:\Windows\SYSTEM32\VERSION.dll
0x00007ffe09180000 - 0x00007ffe09189000 	C:\Windows\SYSTEM32\WSOCK32.dll
0x00007ffe21df0000 - 0x00007ffe21e5b000 	C:\Windows\System32\ws2_32.DLL
0x00007ffe1cf30000 - 0x00007ffe1cf42000 	C:\Windows\SYSTEM32\kernel.appcore.dll
0x00007ffe069f0000 - 0x00007ffe06a01000 	C:\Program Files\Android\Android Studio\jre\bin\verify.dll
0x00007ffe1ef80000 - 0x00007ffe1f164000 	C:\Windows\SYSTEM32\DBGHELP.DLL
0x00007ffe1edb0000 - 0x00007ffe1eddc000 	C:\Windows\SYSTEM32\dbgcore.DLL
0x00007ffe1faa0000 - 0x00007ffe1fb23000 	C:\Windows\System32\bcryptPrimitives.dll
0x00007ffe01400000 - 0x00007ffe01429000 	C:\Program Files\Android\Android Studio\jre\bin\java.dll
0x00007ffe1aa30000 - 0x00007ffe1aa3b000 	C:\Program Files\Android\Android Studio\jre\bin\jimage.dll
0x00007ffe069d0000 - 0x00007ffe069e8000 	C:\Program Files\Android\Android Studio\jre\bin\zip.dll
0x00007ffe20ac0000 - 0x00007ffe211ff000 	C:\Windows\System32\SHELL32.dll
0x00007ffe1d130000 - 0x00007ffe1d8c1000 	C:\Windows\SYSTEM32\windows.storage.dll
0x00007ffe20000000 - 0x00007ffe20355000 	C:\Windows\System32\combase.dll
0x00007ffe1e970000 - 0x00007ffe1e99c000 	C:\Windows\SYSTEM32\Wldp.dll
0x00007ffe213c0000 - 0x00007ffe2146e000 	C:\Windows\System32\SHCORE.dll
0x00007ffe20a60000 - 0x00007ffe20ab5000 	C:\Windows\System32\shlwapi.dll
0x00007ffe1f590000 - 0x00007ffe1f5af000 	C:\Windows\SYSTEM32\profapi.dll
0x00007ffe013e0000 - 0x00007ffe013fa000 	C:\Program Files\Android\Android Studio\jre\bin\net.dll
0x00007ffe17f90000 - 0x00007ffe1809a000 	C:\Windows\SYSTEM32\WINHTTP.dll
0x00007ffe1e840000 - 0x00007ffe1e8aa000 	C:\Windows\system32\mswsock.dll
0x00007ffe013c0000 - 0x00007ffe013d4000 	C:\Program Files\Android\Android Studio\jre\bin\nio.dll

dbghelp: loaded successfully - version: 4.0.5 - missing functions: none
symbol engine: initialized successfully - sym options: 0x614 - pdb path: .;C:\Program Files\Android\Android Studio\jre\bin;C:\Windows\SYSTEM32;C:\Windows\WinSxS\amd64_microsoft.windows.common-controls_6595b64144ccf1df_6.0.19041.1110_none_60b5254171f9507e;C:\Program Files\Android\Android Studio\jre\bin\server

VM Arguments:
java_command: org.jetbrains.kotlin.cli.jvm.K2JVMCompiler @C:\Users\Owen\AndroidStudioProjects\DiceRoller\app\build\20210814_561078746848767970.compiler.options
java_class_path (initial): C:\Users\Owen\.gradle\caches\modules-2\files-2.1\org.jetbrains.kotlin\kotlin-compiler-embeddable\1.5.10\9c35134a025cab7a1e6eee0d87d241c2f30c1218\kotlin-compiler-embeddable-1.5.10.jar;C:\Users\Owen\.gradle\caches\modules-2\files-2.1\org.jetbrains.kotlin\kotlin-reflect\1.5.10\d6c70f3c0df2457ea0095c61c1fc1188017dc3bc\kotlin-reflect-1.5.10.jar;C:\Users\Owen\.gradle\caches\modules-2\files-2.1\org.jetbrains.kotlin\kotlin-stdlib\1.5.10\da6a904b132f0402fa4d79169a3c1770598d4702\kotlin-stdlib-1.5.10.jar;C:\Users\Owen\.gradle\caches\modules-2\files-2.1\org.jetbrains.kotlin\kotlin-script-runtime\1.5.10\69bad0ece91b0797055aeadbd44dc742c458398b\kotlin-script-runtime-1.5.10.jar;C:\Users\Owen\.gradle\caches\modules-2\files-2.1\org.jetbrains.kotlin\kotlin-daemon-embeddable\1.5.10\d06ad33b62b041dae0609f830c3b48135d53b8bc\kotlin-daemon-embeddable-1.5.10.jar;C:\Users\Owen\.gradle\caches\modules-2\files-2.1\org.jetbrains.intellij.deps\trove4j\1.0.20181211\216c2e14b070f334479d800987affe4054cd563f\trove4j-1.0.20181211.jar;C:\Users\Owen\.gradle\caches\modules-2\files-2.1\org.jetbrains\annotations\13.0\919f0dfe192fb4e063e7dacadee7f8bb9a2672a9\annotations-13.0.jar;C:\Users\Owen\.gradle\caches\modules-2\files-2.1\org.jetbrains.kotlin\kotlin-stdlib-common\1.5.10\6b84d926e28493be69daf673e40076f89492ef7\kotlin-stdlib-common-1.5.10.jar
Launcher Type: SUN_STANDARD

[Global flags]
     intx CICompilerCount                          = 4                                         {product} {ergonomic}
     uint ConcGCThreads                            = 2                                         {product} {ergonomic}
     uint G1ConcRefinementThreads                  = 8                                         {product} {ergonomic}
   size_t G1HeapRegionSize                         = 1048576                                   {product} {ergonomic}
    uintx GCDrainStackTargetSize                   = 64                                        {product} {ergonomic}
   size_t InitialHeapSize                          = 65011712                                  {product} {ergonomic}
   size_t MarkStackSize                            = 4194304                                   {product} {ergonomic}
   size_t MaxHeapSize                              = 1035993088                                {product} {ergonomic}
   size_t MaxNewSize                               = 620756992                                 {product} {ergonomic}
   size_t MinHeapDeltaBytes                        = 1048576                                   {product} {ergonomic}
    uintx NonNMethodCodeHeapSize                   = 5836300                                {pd product} {ergonomic}
    uintx NonProfiledCodeHeapSize                  = 122910970                              {pd product} {ergonomic}
    uintx ProfiledCodeHeapSize                     = 122910970                              {pd product} {ergonomic}
    uintx ReservedCodeCacheSize                    = 251658240                              {pd product} {ergonomic}
     bool SegmentedCodeCache                       = true                                      {product} {ergonomic}
     bool UseCompressedClassPointers               = true                                 {lp64_product} {ergonomic}
     bool UseCompressedOops                        = true                                 {lp64_product} {ergonomic}
     bool UseG1GC                                  = true                                      {product} {ergonomic}
     bool UseLargePagesIndividualAllocation        = false                                  {pd product} {ergonomic}

Logging:
Log output configuration:
 #0: stdout all=warning uptime,level,tags
 #1: stderr all=off uptime,level,tags

Environment Variables:
PATH=C:\Program Files\Common Files\Oracle\Java\javapath;C:\Windows\system32;C:\Windows;C:\Windows\System32\Wbem;C:\Windows\System32\WindowsPowerShell\v1.0\;C:\Windows\System32\OpenSSH\;C:\Program Files\Git\cmd;C:\Users\Owen\AppData\Local\Microsoft\WindowsApps;C:\Users\Owen\AppData\Local\Programs\Microsoft VS Code\bin;C:\Users\Owen\AppData\Local\GitHubDesktop\bin
USERNAME=Owen
OS=Windows_NT
PROCESSOR_IDENTIFIER=Intel64 Family 6 Model 142 Stepping 10, GenuineIntel



---------------  S Y S T E M  ---------------

OS: Windows 10 , 64 bit Build 19041 (10.0.19041.1023)
OS uptime: 16 days 4:48 hours

CPU:total 8 (initial active 8) (4 cores per cpu, 2 threads per core) family 6 model 142 stepping 10, cmov, cx8, fxsr, mmx, sse, sse2, sse3, ssse3, sse4.1, sse4.2, popcnt, avx, avx2, aes, clmul, erms, 3dnowpref, lzcnt, ht, tsc, tscinvbit, bmi1, bmi2, adx, fma

Memory: 4k page, system-wide physical 3946M (20M free)
TotalPageFile size 16234M (AvailPageFile size 2M)
current process WorkingSet (physical memory assigned to process): 141M, peak: 141M
current process commit charge ("private bytes"): 183M, peak: 184M

vm_info: OpenJDK 64-Bit Server VM (11.0.8+10-b944.6842174) for windows-amd64 JRE (11.0.8+10-b944.6842174), built on Sep 19 2020 01:11:42 by "builder" with MS VC++ 14.0 (VS2015)

END.
